<?xml version="1.0" encoding="UTF-8"?>
<!-- Generated by org.testng.reporters.JUnitReportReporter -->
<testsuite skipped="0" hostname="LAPTOP-FMR2F5AL" name="com.gmail.login.Test1" tests="1" failures="0" timestamp="17 Aug 2019 04:27:29 GMT" time="0.012" errors="0">
  <testcase name="helloWorld" time="0.012" classname="com.gmail.login.Test1"/>
</testsuite> <!-- com.gmail.login.Test1 -->
